<?xml version="1.0" encoding="UTF-8"?>
<!-- Generated by org.testng.reporters.JUnitXMLReporter -->
<testsuite hostname="DESKTOP-PPQS615" ignored="0" name="test1" tests="2" failures="1" timestamp="2020-05-28T14:42:12 BST" time="2.88" errors="0">
  <testcase name="f" time="0.005" classname="org.gift.FirstTest"/>
  <testcase name="Test" time="2.831" classname="org.gift.homepageTest">
    <failure type="org.openqa.selenium.SessionNotCreatedException" message="session not created: This version of ChromeDriver only supports Chrome version 79
Build info: version: &amp;apos;3.141.59&amp;apos;, revision: &amp;apos;e82be7d358&amp;apos;, time: &amp;apos;2018-11-14T08:17:03&amp;apos;
System info: host: &amp;apos;DESKTOP-PPQS615&amp;apos;, ip: &amp;apos;192.168.56.1&amp;apos;, os.name: &amp;apos;Windows 10&amp;apos;, os.arch: &amp;apos;amd64&amp;apos;, os.version: &amp;apos;10.0&amp;apos;, java.version: &amp;apos;1.8.0_221&amp;apos;
Driver info: driver.version: ChromeDriver
remote stacktrace: Backtrace:
	Ordinal0 [0x00A3A113+1548563]
	Ordinal0 [0x009BDDA1+1039777]
	Ordinal0 [0x0093E485+517253]
	Ordinal0 [0x008CFD34+64820]
	Ordinal0 [0x008CC61E+50718]
	Ordinal0 [0x008EB797+178071]
	Ordinal0 [0x008EB59D+177565]
	Ordinal0 [0x008E95FB+169467]
	Ordinal0 [0x008D160A+71178]
	Ordinal0 [0x008D2690+75408]
	Ordinal0 [0x008D2629+75305]
	Ordinal0 [0x009D71B7+1143223]
	GetHandleVerifier [0x00AD2B46+507814]
	GetHandleVerifier [0x00AD2864+507076]
	GetHandleVerifier [0x00AD9F47+537511]
	GetHandleVerifier [0x00AD3402+510050]
	Ordinal0 [0x009CF29C+1110684]
	Ordinal0 [0x009D938B+1151883]
	Ordinal0 [0x009D94F3+1152243]
	Ordinal0 [0x009D83F5+1147893]
	BaseThreadInitThunk [0x76F96359+25]
	RtlGetAppContainerNamedObjectPath [0x77267C24+228]
	RtlGetAppContainerNamedObjectPath [0x77267BF4+180]
">
      <![CDATA[org.openqa.selenium.SessionNotCreatedException: session not created: This version of ChromeDriver only supports Chrome version 79
Build info: version: '3.141.59', revision: 'e82be7d358', time: '2018-11-14T08:17:03'
System info: host: 'DESKTOP-PPQS615', ip: '192.168.56.1', os.name: 'Windows 10', os.arch: 'amd64', os.version: '10.0', java.version: '1.8.0_221'
Driver info: driver.version: ChromeDriver
remote stacktrace: Backtrace:
Ordinal0 [0x00A3A113+1548563]
Ordinal0 [0x009BDDA1+1039777]
Ordinal0 [0x0093E485+517253]
Ordinal0 [0x008CFD34+64820]
Ordinal0 [0x008CC61E+50718]
Ordinal0 [0x008EB797+178071]
Ordinal0 [0x008EB59D+177565]
Ordinal0 [0x008E95FB+169467]
Ordinal0 [0x008D160A+71178]
Ordinal0 [0x008D2690+75408]
Ordinal0 [0x008D2629+75305]
Ordinal0 [0x009D71B7+1143223]
GetHandleVerifier [0x00AD2B46+507814]
GetHandleVerifier [0x00AD2864+507076]
GetHandleVerifier [0x00AD9F47+537511]
GetHandleVerifier [0x00AD3402+510050]
Ordinal0 [0x009CF29C+1110684]
Ordinal0 [0x009D938B+1151883]
Ordinal0 [0x009D94F3+1152243]
Ordinal0 [0x009D83F5+1147893]
BaseThreadInitThunk [0x76F96359+25]
RtlGetAppContainerNamedObjectPath [0x77267C24+228]
RtlGetAppContainerNamedObjectPath [0x77267BF4+180]

at org.openqa.selenium.remote.W3CHandshakeResponse.lambda$errorHandler$0(W3CHandshakeResponse.java:62)
at org.openqa.selenium.remote.HandshakeResponse.lambda$getResponseFunction$0(HandshakeResponse.java:30)
at org.openqa.selenium.remote.ProtocolHandshake.lambda$createSession$0(ProtocolHandshake.java:126)
at java.util.stream.ReferencePipeline$3$1.accept(ReferencePipeline.java:193)
at java.util.Spliterators$ArraySpliterator.tryAdvance(Spliterators.java:958)
at java.util.stream.ReferencePipeline.forEachWithCancel(ReferencePipeline.java:126)
at java.util.stream.AbstractPipeline.copyIntoWithCancel(AbstractPipeline.java:499)
at java.util.stream.AbstractPipeline.copyInto(AbstractPipeline.java:486)
at java.util.stream.AbstractPipeline.wrapAndCopyInto(AbstractPipeline.java:472)
at java.util.stream.FindOps$FindOp.evaluateSequential(FindOps.java:152)
at java.util.stream.AbstractPipeline.evaluate(AbstractPipeline.java:234)
at java.util.stream.ReferencePipeline.findFirst(ReferencePipeline.java:464)
at org.openqa.selenium.remote.ProtocolHandshake.createSession(ProtocolHandshake.java:128)
at org.openqa.selenium.remote.ProtocolHandshake.createSession(ProtocolHandshake.java:74)
at org.openqa.selenium.remote.HttpCommandExecutor.execute(HttpCommandExecutor.java:136)
at org.openqa.selenium.remote.service.DriverCommandExecutor.execute(DriverCommandExecutor.java:83)
at org.openqa.selenium.remote.RemoteWebDriver.execute(RemoteWebDriver.java:552)
at org.openqa.selenium.remote.RemoteWebDriver.startSession(RemoteWebDriver.java:213)
at org.openqa.selenium.remote.RemoteWebDriver.<init>(RemoteWebDriver.java:131)
at org.openqa.selenium.chrome.ChromeDriver.<init>(ChromeDriver.java:181)
at org.openqa.selenium.chrome.ChromeDriver.<init>(ChromeDriver.java:168)
at org.openqa.selenium.chrome.ChromeDriver.<init>(ChromeDriver.java:123)
at org.gift.homepageTest.Test(homepageTest.java:13)
at java.util.ArrayList.forEach(ArrayList.java:1257)
... Removed 31 stack frames]]>
    </failure>
  </testcase> <!-- Test -->
</testsuite> <!-- test1 -->
