<?xml version="1.0" encoding="UTF-8"?>
<testng-results skipped="0" failed="2" ignored="0" total="4" passed="2">
  <reporter-output>
  </reporter-output>
  <suite name="Default suite" duration-ms="21339" started-at="2020-06-24T23:23:06 BST" finished-at="2020-06-24T23:23:27 BST">
    <groups>
    </groups>
    <test name="Default test" duration-ms="21339" started-at="2020-06-24T23:23:06 BST" finished-at="2020-06-24T23:23:27 BST">
      <class name="org.gift.FirstTest">
        <test-method status="PASS" signature="beforeTest()[pri:0, instance:org.gift.FirstTest@7193666c]" name="beforeTest" is-config="true" duration-ms="24" started-at="2020-06-24T23:23:06 BST" finished-at="2020-06-24T23:23:06 BST">
          <reporter-output>
          </reporter-output>
        </test-method> <!-- beforeTest -->
        <test-method status="PASS" signature="beforeMethod()[pri:0, instance:org.gift.FirstTest@7193666c]" name="beforeMethod" is-config="true" duration-ms="1" started-at="2020-06-24T23:23:27 BST" finished-at="2020-06-24T23:23:27 BST">
          <reporter-output>
          </reporter-output>
        </test-method> <!-- beforeMethod -->
        <test-method status="PASS" signature="f()[pri:0, instance:org.gift.FirstTest@7193666c]" name="f" duration-ms="1" started-at="2020-06-24T23:23:27 BST" finished-at="2020-06-24T23:23:27 BST">
          <reporter-output>
          </reporter-output>
        </test-method> <!-- f -->
      </class> <!-- org.gift.FirstTest -->
      <class name="org.gift.GiftCardBackEndApplicationTests">
        <test-method status="PASS" signature="beforeTest()[pri:0, instance:org.gift.GiftCardBackEndApplicationTests@5119fb47]" name="beforeTest" is-config="true" duration-ms="0" started-at="2020-06-24T23:23:06 BST" finished-at="2020-06-24T23:23:06 BST">
          <reporter-output>
          </reporter-output>
        </test-method> <!-- beforeTest -->
        <test-method status="PASS" signature="testAdd()[pri:0, instance:org.gift.GiftCardBackEndApplicationTests@5119fb47]" name="testAdd" duration-ms="1" started-at="2020-06-24T23:23:27 BST" finished-at="2020-06-24T23:23:27 BST">
          <reporter-output>
          </reporter-output>
        </test-method> <!-- testAdd -->
      </class> <!-- org.gift.GiftCardBackEndApplicationTests -->
      <class name="org.gift.homepageTest">
        <test-method status="FAIL" signature="Test()[pri:0, instance:org.gift.homepageTest@20deea7f]" name="Test" duration-ms="3304" started-at="2020-06-24T23:23:06 BST" finished-at="2020-06-24T23:23:09 BST">
          <exception class="org.openqa.selenium.SessionNotCreatedException">
            <message>
              <![CDATA[session not created: This version of ChromeDriver only supports Chrome version 79
Build info: version: '3.141.59', revision: 'e82be7d358', time: '2018-11-14T08:17:03'
System info: host: 'DESKTOP-PPQS615', ip: '192.168.56.1', os.name: 'Windows 10', os.arch: 'amd64', os.version: '10.0', java.version: '1.8.0_221'
Driver info: driver.version: ChromeDriver
remote stacktrace: Backtrace:
Ordinal0 [0x00A0A113+1548563]
Ordinal0 [0x0098DDA1+1039777]
Ordinal0 [0x0090E485+517253]
Ordinal0 [0x0089FD34+64820]
Ordinal0 [0x0089C61E+50718]
Ordinal0 [0x008BB797+178071]
Ordinal0 [0x008BB59D+177565]
Ordinal0 [0x008B95FB+169467]
Ordinal0 [0x008A160A+71178]
Ordinal0 [0x008A2690+75408]
Ordinal0 [0x008A2629+75305]
Ordinal0 [0x009A71B7+1143223]
GetHandleVerifier [0x00AA2B46+507814]
GetHandleVerifier [0x00AA2864+507076]
GetHandleVerifier [0x00AA9F47+537511]
GetHandleVerifier [0x00AA3402+510050]
Ordinal0 [0x0099F29C+1110684]
Ordinal0 [0x009A938B+1151883]
Ordinal0 [0x009A94F3+1152243]
Ordinal0 [0x009A83F5+1147893]
BaseThreadInitThunk [0x77646359+25]
RtlGetAppContainerNamedObjectPath [0x77887C24+228]
RtlGetAppContainerNamedObjectPath [0x77887BF4+180]
]]>
            </message>
            <full-stacktrace>
              <![CDATA[org.openqa.selenium.SessionNotCreatedException: session not created: This version of ChromeDriver only supports Chrome version 79
Build info: version: '3.141.59', revision: 'e82be7d358', time: '2018-11-14T08:17:03'
System info: host: 'DESKTOP-PPQS615', ip: '192.168.56.1', os.name: 'Windows 10', os.arch: 'amd64', os.version: '10.0', java.version: '1.8.0_221'
Driver info: driver.version: ChromeDriver
remote stacktrace: Backtrace:
Ordinal0 [0x00A0A113+1548563]
Ordinal0 [0x0098DDA1+1039777]
Ordinal0 [0x0090E485+517253]
Ordinal0 [0x0089FD34+64820]
Ordinal0 [0x0089C61E+50718]
Ordinal0 [0x008BB797+178071]
Ordinal0 [0x008BB59D+177565]
Ordinal0 [0x008B95FB+169467]
Ordinal0 [0x008A160A+71178]
Ordinal0 [0x008A2690+75408]
Ordinal0 [0x008A2629+75305]
Ordinal0 [0x009A71B7+1143223]
GetHandleVerifier [0x00AA2B46+507814]
GetHandleVerifier [0x00AA2864+507076]
GetHandleVerifier [0x00AA9F47+537511]
GetHandleVerifier [0x00AA3402+510050]
Ordinal0 [0x0099F29C+1110684]
Ordinal0 [0x009A938B+1151883]
Ordinal0 [0x009A94F3+1152243]
Ordinal0 [0x009A83F5+1147893]
BaseThreadInitThunk [0x77646359+25]
RtlGetAppContainerNamedObjectPath [0x77887C24+228]
RtlGetAppContainerNamedObjectPath [0x77887BF4+180]

at sun.reflect.NativeConstructorAccessorImpl.newInstance0(Native Method)
at sun.reflect.NativeConstructorAccessorImpl.newInstance(NativeConstructorAccessorImpl.java:62)
at sun.reflect.DelegatingConstructorAccessorImpl.newInstance(DelegatingConstructorAccessorImpl.java:45)
at java.lang.reflect.Constructor.newInstance(Constructor.java:423)
at org.openqa.selenium.remote.W3CHandshakeResponse.lambda$errorHandler$0(W3CHandshakeResponse.java:62)
at org.openqa.selenium.remote.HandshakeResponse.lambda$getResponseFunction$0(HandshakeResponse.java:30)
at org.openqa.selenium.remote.ProtocolHandshake.lambda$createSession$0(ProtocolHandshake.java:126)
at java.util.stream.ReferencePipeline$3$1.accept(ReferencePipeline.java:193)
at java.util.Spliterators$ArraySpliterator.tryAdvance(Spliterators.java:958)
at java.util.stream.ReferencePipeline.forEachWithCancel(ReferencePipeline.java:126)
at java.util.stream.AbstractPipeline.copyIntoWithCancel(AbstractPipeline.java:499)
at java.util.stream.AbstractPipeline.copyInto(AbstractPipeline.java:486)
at java.util.stream.AbstractPipeline.wrapAndCopyInto(AbstractPipeline.java:472)
at java.util.stream.FindOps$FindOp.evaluateSequential(FindOps.java:152)
at java.util.stream.AbstractPipeline.evaluate(AbstractPipeline.java:234)
at java.util.stream.ReferencePipeline.findFirst(ReferencePipeline.java:464)
at org.openqa.selenium.remote.ProtocolHandshake.createSession(ProtocolHandshake.java:128)
at org.openqa.selenium.remote.ProtocolHandshake.createSession(ProtocolHandshake.java:74)
at org.openqa.selenium.remote.HttpCommandExecutor.execute(HttpCommandExecutor.java:136)
at org.openqa.selenium.remote.service.DriverCommandExecutor.execute(DriverCommandExecutor.java:83)
at org.openqa.selenium.remote.RemoteWebDriver.execute(RemoteWebDriver.java:552)
at org.openqa.selenium.remote.RemoteWebDriver.startSession(RemoteWebDriver.java:213)
at org.openqa.selenium.remote.RemoteWebDriver.<init>(RemoteWebDriver.java:131)
at org.openqa.selenium.chrome.ChromeDriver.<init>(ChromeDriver.java:181)
at org.openqa.selenium.chrome.ChromeDriver.<init>(ChromeDriver.java:168)
at org.openqa.selenium.chrome.ChromeDriver.<init>(ChromeDriver.java:123)
at org.gift.homepageTest.Test(homepageTest.java:13)
at sun.reflect.NativeMethodAccessorImpl.invoke0(Native Method)
at sun.reflect.NativeMethodAccessorImpl.invoke(NativeMethodAccessorImpl.java:62)
at sun.reflect.DelegatingMethodAccessorImpl.invoke(DelegatingMethodAccessorImpl.java:43)
at java.lang.reflect.Method.invoke(Method.java:498)
at org.testng.internal.MethodInvocationHelper.invokeMethod(MethodInvocationHelper.java:133)
at org.testng.internal.TestInvoker.invokeMethod(TestInvoker.java:584)
at org.testng.internal.TestInvoker.invokeTestMethod(TestInvoker.java:172)
at org.testng.internal.MethodRunner.runInSequence(MethodRunner.java:46)
at org.testng.internal.TestInvoker$MethodInvocationAgent.invoke(TestInvoker.java:804)
at org.testng.internal.TestInvoker.invokeTestMethods(TestInvoker.java:145)
at org.testng.internal.TestMethodWorker.invokeTestMethods(TestMethodWorker.java:146)
at org.testng.internal.TestMethodWorker.run(TestMethodWorker.java:128)
at java.util.ArrayList.forEach(ArrayList.java:1257)
at org.testng.TestRunner.privateRun(TestRunner.java:770)
at org.testng.TestRunner.run(TestRunner.java:591)
at org.testng.SuiteRunner.runTest(SuiteRunner.java:402)
at org.testng.SuiteRunner.runSequentially(SuiteRunner.java:396)
at org.testng.SuiteRunner.privateRun(SuiteRunner.java:355)
at org.testng.SuiteRunner.run(SuiteRunner.java:304)
at org.testng.SuiteRunnerWorker.runSuite(SuiteRunnerWorker.java:53)
at org.testng.SuiteRunnerWorker.run(SuiteRunnerWorker.java:96)
at org.testng.TestNG.runSuitesSequentially(TestNG.java:1180)
at org.testng.TestNG.runSuitesLocally(TestNG.java:1102)
at org.testng.TestNG.runSuites(TestNG.java:1032)
at org.testng.TestNG.run(TestNG.java:1000)
at org.testng.remote.AbstractRemoteTestNG.run(AbstractRemoteTestNG.java:115)
at org.testng.remote.RemoteTestNG.initAndRun(RemoteTestNG.java:251)
at org.testng.remote.RemoteTestNG.main(RemoteTestNG.java:77)
]]>
            </full-stacktrace>
          </exception> <!-- org.openqa.selenium.SessionNotCreatedException -->
          <reporter-output>
          </reporter-output>
        </test-method> <!-- Test -->
      </class> <!-- org.gift.homepageTest -->
      <class name="org.gift.TestPanier">
        <test-method status="PASS" signature="setUp()[pri:0, instance:org.gift.TestPanier@3835c46]" name="setUp" is-config="true" duration-ms="3379" started-at="2020-06-24T23:23:09 BST" finished-at="2020-06-24T23:23:12 BST">
          <reporter-output>
          </reporter-output>
        </test-method> <!-- setUp -->
        <test-method status="FAIL" signature="testPanier()[pri:0, instance:org.gift.TestPanier@3835c46]" name="testPanier" duration-ms="13845" started-at="2020-06-24T23:23:12 BST" finished-at="2020-06-24T23:23:26 BST">
          <exception class="org.openqa.selenium.NoSuchElementException">
            <message>
              <![CDATA[Cannot locate an element using xpath=//a/p
For documentation on this error, please visit: https://www.seleniumhq.org/exceptions/no_such_element.html
Build info: version: '3.141.59', revision: 'e82be7d358', time: '2018-11-14T08:17:03'
System info: host: 'DESKTOP-PPQS615', ip: '192.168.56.1', os.name: 'Windows 10', os.arch: 'amd64', os.version: '10.0', java.version: '1.8.0_221'
Driver info: driver.version: RemoteWebDriver]]>
            </message>
            <full-stacktrace>
              <![CDATA[org.openqa.selenium.NoSuchElementException: Cannot locate an element using xpath=//a/p
For documentation on this error, please visit: https://www.seleniumhq.org/exceptions/no_such_element.html
Build info: version: '3.141.59', revision: 'e82be7d358', time: '2018-11-14T08:17:03'
System info: host: 'DESKTOP-PPQS615', ip: '192.168.56.1', os.name: 'Windows 10', os.arch: 'amd64', os.version: '10.0', java.version: '1.8.0_221'
Driver info: driver.version: RemoteWebDriver
at org.openqa.selenium.remote.RemoteWebDriver.findElement(RemoteWebDriver.java:327)
at org.openqa.selenium.remote.RemoteWebDriver.findElementByXPath(RemoteWebDriver.java:428)
at org.openqa.selenium.By$ByXPath.findElement(By.java:353)
at org.openqa.selenium.remote.RemoteWebDriver.findElement(RemoteWebDriver.java:315)
at org.gift.TestPanier.testPanier(TestPanier.java:29)
at sun.reflect.NativeMethodAccessorImpl.invoke0(Native Method)
at sun.reflect.NativeMethodAccessorImpl.invoke(NativeMethodAccessorImpl.java:62)
at sun.reflect.DelegatingMethodAccessorImpl.invoke(DelegatingMethodAccessorImpl.java:43)
at java.lang.reflect.Method.invoke(Method.java:498)
at org.testng.internal.MethodInvocationHelper.invokeMethod(MethodInvocationHelper.java:133)
at org.testng.internal.TestInvoker.invokeMethod(TestInvoker.java:584)
at org.testng.internal.TestInvoker.invokeTestMethod(TestInvoker.java:172)
at org.testng.internal.MethodRunner.runInSequence(MethodRunner.java:46)
at org.testng.internal.TestInvoker$MethodInvocationAgent.invoke(TestInvoker.java:804)
at org.testng.internal.TestInvoker.invokeTestMethods(TestInvoker.java:145)
at org.testng.internal.TestMethodWorker.invokeTestMethods(TestMethodWorker.java:146)
at org.testng.internal.TestMethodWorker.run(TestMethodWorker.java:128)
at java.util.ArrayList.forEach(ArrayList.java:1257)
at org.testng.TestRunner.privateRun(TestRunner.java:770)
at org.testng.TestRunner.run(TestRunner.java:591)
at org.testng.SuiteRunner.runTest(SuiteRunner.java:402)
at org.testng.SuiteRunner.runSequentially(SuiteRunner.java:396)
at org.testng.SuiteRunner.privateRun(SuiteRunner.java:355)
at org.testng.SuiteRunner.run(SuiteRunner.java:304)
at org.testng.SuiteRunnerWorker.runSuite(SuiteRunnerWorker.java:53)
at org.testng.SuiteRunnerWorker.run(SuiteRunnerWorker.java:96)
at org.testng.TestNG.runSuitesSequentially(TestNG.java:1180)
at org.testng.TestNG.runSuitesLocally(TestNG.java:1102)
at org.testng.TestNG.runSuites(TestNG.java:1032)
at org.testng.TestNG.run(TestNG.java:1000)
at org.testng.remote.AbstractRemoteTestNG.run(AbstractRemoteTestNG.java:115)
at org.testng.remote.RemoteTestNG.initAndRun(RemoteTestNG.java:251)
at org.testng.remote.RemoteTestNG.main(RemoteTestNG.java:77)
]]>
            </full-stacktrace>
          </exception> <!-- org.openqa.selenium.NoSuchElementException -->
          <reporter-output>
          </reporter-output>
        </test-method> <!-- testPanier -->
        <test-method status="PASS" signature="tearDown()[pri:0, instance:org.gift.TestPanier@3835c46]" name="tearDown" is-config="true" duration-ms="706" started-at="2020-06-24T23:23:26 BST" finished-at="2020-06-24T23:23:27 BST">
          <reporter-output>
          </reporter-output>
        </test-method> <!-- tearDown -->
      </class> <!-- org.gift.TestPanier -->
    </test> <!-- Default test -->
  </suite> <!-- Default suite -->
</testng-results>
